{
  "RSpec": {
    "coverage": {
      "/home/gabriel/controle_financas/app/admin/despesas_admin.rb": {
        "lines": [
          1,
          1,
          0,
          null,
          null,
          null,
          null,
          null,
          null,
          null,
          null,
          null,
          null,
          null,
          null,
          null,
          null,
          null,
          null,
          null,
          null,
          null,
          null,
          null,
          null,
          null,
          null,
          null,
          null,
          null,
          null,
          null,
          null,
          null,
          null
        ]
      },
      "/home/gabriel/controle_financas/app/models/despesa.rb": {
        "lines": [
          1,
          1,
          null,
          1,
          1,
          null,
          1,
          null,
          1,
          null,
          1,
          1,
          null,
          null,
          1,
          0,
          null,
          null,
          1,
          8,
          null,
          null,
          1,
          6,
          null,
          null,
          1,
          1,
          null,
          null,
          1,
          10,
          null,
          null,
          1,
          1,
          1,
          1,
          1,
          null,
          1,
          null,
          null,
          1,
          null,
          1,
          63,
          null,
          null
        ]
      },
      "/home/gabriel/controle_financas/app/models/application_record.rb": {
        "lines": [
          1,
          1,
          null,
          1,
          2,
          null,
          null,
          null
        ]
      },
      "/home/gabriel/controle_financas/app/models/user.rb": {
        "lines": [
          1,
          1,
          1,
          1,
          null,
          null,
          1,
          null,
          null,
          1,
          null,
          1,
          null,
          1,
          35,
          null,
          null
        ]
      },
      "/home/gabriel/controle_financas/app/helpers/application_helper.rb": {
        "lines": [
          1,
          null
        ]
      },
      "/home/gabriel/controle_financas/app/helpers/despesas_helper.rb": {
        "lines": [
          1,
          1,
          3,
          1,
          null,
          2,
          null,
          null,
          null,
          1,
          1,
          null,
          null,
          1,
          4,
          null,
          null,
          1,
          3,
          null,
          null
        ]
      },
      "/home/gabriel/controle_financas/app/helpers/user_configuration_helper.rb": {
        "lines": [
          1,
          1,
          0,
          null,
          null
        ]
      },
      "/home/gabriel/controle_financas/app/models/user_configuration.rb": {
        "lines": [
          1,
          1,
          null,
          1,
          null,
          1,
          null,
          1,
          2,
          null,
          null,
          1,
          null,
          1,
          43,
          null,
          null
        ]
      },
      "/home/gabriel/controle_financas/app/presenters/despesa_presenter.rb": {
        "lines": [
          1,
          1,
          14,
          14,
          14,
          14,
          null,
          null,
          1,
          11,
          9,
          null,
          null,
          null,
          1,
          2,
          2,
          null,
          2,
          0,
          null,
          2,
          null,
          null,
          null,
          1,
          1,
          null,
          null,
          1,
          1,
          1,
          null,
          null,
          1,
          2,
          null,
          null,
          1,
          2,
          null,
          null,
          1,
          1,
          null,
          null,
          1,
          0,
          null,
          null,
          1,
          1,
          2,
          2,
          2,
          null,
          1,
          1,
          null,
          1,
          null,
          null,
          null,
          null,
          null,
          0,
          null,
          null,
          1,
          1,
          null,
          null
        ]
      },
      "/home/gabriel/controle_financas/app/services/despesa_service.rb": {
        "lines": [
          1,
          1,
          3,
          3,
          3,
          3,
          3,
          3,
          null,
          null,
          1,
          3,
          3,
          null,
          null,
          1,
          null,
          1,
          3,
          3,
          6,
          null,
          3,
          null,
          null,
          1,
          3,
          4,
          null,
          null,
          null,
          null,
          null,
          null,
          null,
          4,
          null,
          4,
          4,
          1,
          null,
          4,
          null,
          0,
          null,
          null,
          null,
          null
        ]
      },
      "/home/gabriel/controle_financas/app/controllers/despesas_controller.rb": {
        "lines": [
          1,
          1,
          1,
          null,
          1,
          4,
          3,
          3,
          null,
          1,
          null,
          null,
          null,
          1,
          0,
          null,
          null,
          1,
          0,
          0,
          null,
          0,
          0,
          0,
          null,
          0,
          0,
          null,
          null,
          null,
          null,
          1,
          0,
          null,
          null,
          1,
          0,
          0,
          0,
          0,
          0,
          null,
          null,
          null,
          null,
          1,
          0,
          0,
          0,
          0,
          0,
          0,
          null,
          0,
          null,
          0,
          null,
          0,
          null,
          null,
          1,
          0,
          0,
          null,
          0,
          0,
          null,
          null,
          null,
          1,
          0,
          0,
          null,
          0,
          0,
          null,
          0,
          null,
          null,
          null,
          1,
          0,
          null,
          0,
          0,
          0,
          null,
          null,
          null,
          1,
          null,
          1,
          0,
          null,
          null,
          1,
          0,
          null,
          null,
          1,
          0,
          null,
          null
        ]
      },
      "/home/gabriel/controle_financas/app/controllers/application_controller.rb": {
        "lines": [
          1,
          1,
          null,
          1,
          15,
          null,
          null
        ]
      },
      "/home/gabriel/controle_financas/app/models/categoria.rb": {
        "lines": [
          1,
          1,
          1,
          null,
          2,
          null,
          1,
          null
        ]
      },
      "/home/gabriel/controle_financas/app/mailers/application_mailer.rb": {
        "lines": [
          0,
          0,
          0,
          0
        ],
        "branches": {
        }
      },
      "/home/gabriel/controle_financas/app/jobs/application_job.rb": {
        "lines": [
          0,
          null,
          null,
          null,
          null,
          null,
          0
        ],
        "branches": {
        }
      },
      "/home/gabriel/controle_financas/app/controllers/delayed_jobs_controller.rb": {
        "lines": [
          0,
          0,
          0,
          null,
          0,
          0,
          0,
          0,
          0,
          0,
          0,
          0,
          null,
          0,
          0,
          null,
          0,
          0,
          0,
          0,
          0,
          0,
          0,
          0,
          0
        ],
        "branches": {
        }
      },
      "/home/gabriel/controle_financas/app/controllers/investments_controller.rb": {
        "lines": [
          0,
          0,
          null,
          0,
          0
        ],
        "branches": {
        }
      },
      "/home/gabriel/controle_financas/app/controllers/settings_controller.rb": {
        "lines": [
          0,
          0,
          0,
          0,
          null,
          0,
          0,
          0,
          null,
          0,
          0,
          0,
          null,
          0,
          0,
          0,
          0,
          0,
          0,
          null,
          0,
          0,
          0,
          null,
          0,
          0,
          null,
          0,
          0,
          0,
          0,
          0,
          null,
          0,
          0,
          null,
          0,
          0,
          null,
          0,
          0,
          null,
          0,
          0,
          null,
          0,
          0,
          null,
          0,
          0,
          null,
          0,
          0,
          null,
          0,
          0,
          null,
          0,
          null,
          0,
          0,
          0,
          0
        ],
        "branches": {
        }
      },
      "/home/gabriel/controle_financas/app/channels/application_cable/channel.rb": {
        "lines": [
          0,
          0,
          0,
          0
        ],
        "branches": {
        }
      },
      "/home/gabriel/controle_financas/app/channels/application_cable/connection.rb": {
        "lines": [
          0,
          0,
          0,
          0
        ],
        "branches": {
        }
      }
    },
    "timestamp": 1732503285
  }
}
